{
  "stats": {
    "suites": 2,
    "tests": 2,
    "passes": 2,
    "pending": 0,
    "failures": 0,
    "start": "2022-10-03T07:11:46.485Z",
    "end": "2022-10-03T07:11:51.568Z",
    "duration": 5083,
    "testsRegistered": 2,
    "passPercent": 100,
    "pendingPercent": 0,
    "other": 0,
    "hasOther": false,
    "skipped": 0,
    "hasSkipped": false
  },
  "results": [
    {
      "uuid": "f43afe71-a390-4977-ab2c-b2620c68ee2b",
      "title": "",
      "fullFile": "cypress\\e2e\\Scripts\\first.cy.js",
      "file": "cypress\\e2e\\Scripts\\first.cy.js",
      "beforeHooks": [],
      "afterHooks": [],
      "tests": [],
      "suites": [
        {
          "uuid": "72281a9c-6e63-43eb-801c-4ba7603e714a",
          "title": "This is my first test suite",
          "fullFile": "",
          "file": "",
          "beforeHooks": [],
          "afterHooks": [],
          "tests": [
            {
              "title": "My First TC",
              "fullTitle": "This is my first test suite My First TC",
              "timedOut": null,
              "duration": 42,
              "state": "passed",
              "speed": "fast",
              "pass": true,
              "fail": false,
              "pending": false,
              "context": null,
              "code": "expect(true).to.equal(true);",
              "err": {},
              "uuid": "e09eb2ed-3ac1-42dc-9e9b-4ba9df6318c2",
              "parentUUID": "72281a9c-6e63-43eb-801c-4ba7603e714a",
              "isHook": false,
              "skipped": false
            }
          ],
          "suites": [],
          "passes": [
            "e09eb2ed-3ac1-42dc-9e9b-4ba9df6318c2"
          ],
          "failures": [],
          "pending": [],
          "skipped": [],
          "duration": 42,
          "root": false,
          "rootEmpty": false,
          "_timeout": 2000
        },
        {
          "uuid": "12a815f6-4d00-4200-8448-f6e680d27155",
          "title": "Smoke Test",
          "fullFile": "",
          "file": "",
          "beforeHooks": [],
          "afterHooks": [],
          "tests": [
            {
              "title": "Verify title",
              "fullTitle": "Smoke Test Verify title",
              "timedOut": null,
              "duration": 2519,
              "state": "passed",
              "speed": "fast",
              "pass": true,
              "fail": false,
              "pending": false,
              "context": null,
              "code": "cy.visit(\"https://www.google.com\"); //cy.title().should(\"\")",
              "err": {},
              "uuid": "68d3314c-1b89-431f-b98d-badb0836e239",
              "parentUUID": "12a815f6-4d00-4200-8448-f6e680d27155",
              "isHook": false,
              "skipped": false
            }
          ],
          "suites": [],
          "passes": [
            "68d3314c-1b89-431f-b98d-badb0836e239"
          ],
          "failures": [],
          "pending": [],
          "skipped": [],
          "duration": 2519,
          "root": false,
          "rootEmpty": false,
          "_timeout": 2000
        }
      ],
      "passes": [],
      "failures": [],
      "pending": [],
      "skipped": [],
      "duration": 0,
      "root": true,
      "rootEmpty": true,
      "_timeout": 2000
    }
  ],
  "meta": {
    "mocha": {
      "version": "7.0.1"
    },
    "mochawesome": {
      "options": {
        "quiet": false,
        "reportFilename": "mochawesome",
        "saveHtml": true,
        "saveJson": true,
        "consoleReporter": "spec",
        "useInlineDiffs": false,
        "code": true
      },
      "version": "7.1.3"
    },
    "marge": {
      "options": null,
      "version": "6.2.0"
    }
  }
}